<?xml version="1.0" encoding="UTF-8"?>
<!-- Generated by org.testng.reporters.JUnitXMLReporter -->
<testsuite ignored="0" hostname="SANJITH-PC" failures="1" tests="1" name="Default test" time="9.661" errors="0" timestamp="2026-03-12T14:41:24 IST">
  <testcase classname="io.cucumber.testng.AbstractTestNGCucumberTests" name="runScenario" time="8.829">
    <failure type="io.cucumber.testng.UndefinedStepException" message="The step &amp;apos;user logs into application&amp;apos; is undefined.
You can implement this step using the snippet(s) below:

@Given(&amp;quot;user logs into application&amp;quot;)
public void user_logs_into_application() {
    // Write code here that turns the phrase above into concrete actions
    throw new io.cucumber.java.PendingException();
}
">
      <![CDATA[io.cucumber.testng.UndefinedStepException: The step 'user logs into application' is undefined.
You can implement this step using the snippet(s) below:

@Given("user logs into application")
public void user_logs_into_application() {
    // Write code here that turns the phrase above into concrete actions
    throw new io.cucumber.java.PendingException();
}

at ✽.user logs into application(file:///C:/Users/sanji/eclipse-workspace/nobroker_automation/src/test/resources/features/ownerContact.feature:6)
]]>
    </failure>
  </testcase> <!-- runScenario -->
</testsuite> <!-- Default test -->
