<?xml version="1.0" encoding="UTF-8"?>
<testng-results ignored="0" total="1" passed="0" failed="1" skipped="0">
  <reporter-output>
  </reporter-output>
  <suite started-at="2026-03-12T14:41:15 IST" name="Default suite" finished-at="2026-03-12T14:41:24 IST" duration-ms="9661">
    <groups>
      <group name="cucumber">
        <method signature="AbstractTestNGCucumberTests.runScenario(io.cucumber.testng.PickleWrapper,io.cucumber.testng.FeatureWrapper)[pri:0, instance:runner.TestRunner@2002fc1d]" name="runScenario" class="io.cucumber.testng.AbstractTestNGCucumberTests"/>
      </group> <!-- cucumber -->
    </groups>
    <test started-at="2026-03-12T14:41:15 IST" name="Default test" finished-at="2026-03-12T14:41:24 IST" duration-ms="9661">
      <class name="runner.TestRunner">
        <test-method is-config="true" signature="setUpClass(org.testng.ITestContext)[pri:0, instance:runner.TestRunner@2002fc1d]" started-at="2026-03-12T14:41:15 IST" name="setUpClass" finished-at="2026-03-12T14:41:15 IST" duration-ms="756" status="PASS">
          <params>
            <param index="0">
              <value>
                <![CDATA[org.testng.TestRunner@18b8d173]]>
              </value>
            </param>
          </params>
          <reporter-output>
          </reporter-output>
        </test-method> <!-- setUpClass -->
        <test-method signature="runScenario(io.cucumber.testng.PickleWrapper,io.cucumber.testng.FeatureWrapper)[pri:0, instance:runner.TestRunner@2002fc1d]" started-at="2026-03-12T14:41:15 IST" name="runScenario" description="Runs Cucumber Scenarios" data-provider="scenarios" finished-at="2026-03-12T14:41:24 IST" duration-ms="8829" status="FAIL">
          <params>
            <param index="0">
              <value>
                <![CDATA["Get Owner Details or Schedule Visit"]]>
              </value>
            </param>
            <param index="1">
              <value>
                <![CDATA["Owner Contact Flow"]]>
              </value>
            </param>
          </params>
          <exception class="io.cucumber.testng.UndefinedStepException">
            <message>
              <![CDATA[The step 'user logs into application' is undefined.
You can implement this step using the snippet(s) below:

@Given("user logs into application")
public void user_logs_into_application() {
    // Write code here that turns the phrase above into concrete actions
    throw new io.cucumber.java.PendingException();
}
]]>
            </message>
            <full-stacktrace>
              <![CDATA[io.cucumber.testng.UndefinedStepException: The step 'user logs into application' is undefined.
You can implement this step using the snippet(s) below:

@Given("user logs into application")
public void user_logs_into_application() {
    // Write code here that turns the phrase above into concrete actions
    throw new io.cucumber.java.PendingException();
}

at ✽.user logs into application(file:///C:/Users/sanji/eclipse-workspace/nobroker_automation/src/test/resources/features/ownerContact.feature:6)
]]>
            </full-stacktrace>
          </exception> <!-- io.cucumber.testng.UndefinedStepException -->
          <reporter-output>
          </reporter-output>
        </test-method> <!-- runScenario -->
        <test-method is-config="true" signature="tearDownClass()[pri:0, instance:runner.TestRunner@2002fc1d]" started-at="2026-03-12T14:41:24 IST" name="tearDownClass" finished-at="2026-03-12T14:41:24 IST" duration-ms="24" status="PASS">
          <reporter-output>
          </reporter-output>
        </test-method> <!-- tearDownClass -->
      </class> <!-- runner.TestRunner -->
    </test> <!-- Default test -->
  </suite> <!-- Default suite -->
</testng-results>
