<?xml version="1.0" encoding="UTF-8"?>
<!-- Generated by org.testng.reporters.JUnitReportReporter -->
<testsuite hostname="SANJITH-PC" failures="0" tests="1" name="runner.TestRunner" time="8.829" errors="1" timestamp="2026-03-12T14:41:24 IST" skipped="0">
  <testcase classname="runner.TestRunner" name="runScenario" time="8.829">
    <error message="The step &#039;user logs into application&#039; is undefined.
You can implement this step using the snippet(s) below:

@Given(&quot;user logs into application&quot;)
public void user_logs_into_application() {
    // Write code here that turns the phrase above into concrete actions
    throw new io.cucumber.java.PendingException();
}
" type="io.cucumber.testng.UndefinedStepException">
      <![CDATA[io.cucumber.testng.UndefinedStepException: The step 'user logs into application' is undefined.
You can implement this step using the snippet(s) below:

@Given("user logs into application")
public void user_logs_into_application() {
    // Write code here that turns the phrase above into concrete actions
    throw new io.cucumber.java.PendingException();
}

at ✽.user logs into application(file:///C:/Users/sanji/eclipse-workspace/nobroker_automation/src/test/resources/features/ownerContact.feature:6)
]]>
    </error>
  </testcase> <!-- runScenario -->
</testsuite> <!-- runner.TestRunner -->
